This is pdfTeXk, Version 3.14159-1.10b (Web2C 7.4.5) (format=pdflatex 2004.2.23)  2 APR 2007 16:25
 file:line:error style messages enabled.
**\nonstopmode \input /n/projects/doz/GeneNT/GeneNT/inst/doc/GeneNT.tex
(/n/projects/doz/GeneNT/GeneNT/inst/doc/GeneNT.tex
(/n/site/inst/Linux-i686/sys/share/texmf/tex/latex/base/article.cls
Document Class: article 2001/04/21 v1.4e Standard LaTeX document class
(/n/site/inst/Linux-i686/sys/share/texmf/tex/latex/base/size10.clo
File: size10.clo 2001/04/21 v1.4e Standard LaTeX file (size option)
)
\c@part=\count79
\c@section=\count80
\c@subsection=\count81
\c@subsubsection=\count82
\c@paragraph=\count83
\c@subparagraph=\count84
\c@figure=\count85
\c@table=\count86
\abovecaptionskip=\skip41
\belowcaptionskip=\skip42
\bibindent=\dimen102
)
(/usr/lib/R/share/texmf/Sweave.sty

LaTeX Warning: You have requested package `/usr/lib/R/share/texmf/Sweave',
               but the package provides `Sweave'.

Package: Sweave 
(/n/site/inst/Linux-i686/sys/share/texmf/tex/latex/base/ifthen.sty
Package: ifthen 2001/05/26 v1.1c Standard LaTeX ifthen package (DPC)
)
(/n/site/inst/Linux-i686/sys/share/texmf/tex/latex/graphics/graphicx.sty
Package: graphicx 1999/02/16 v1.0f Enhanced LaTeX Graphics (DPC,SPQR)

(/n/site/inst/Linux-i686/sys/share/texmf/tex/latex/graphics/keyval.sty
Package: keyval 1999/03/16 v1.13 key=value parser (DPC)
\KV@toks@=\toks14
)
(/n/site/inst/Linux-i686/sys/share/texmf/tex/latex/graphics/graphics.sty
Package: graphics 2001/07/07 v1.0n Standard LaTeX Graphics (DPC,SPQR)

(/n/site/inst/Linux-i686/sys/share/texmf/tex/latex/graphics/trig.sty
Package: trig 1999/03/16 v1.09 sin cos tan (DPC)
)
(/n/site/inst/Linux-i686/sys/share/texmf/tex/latex/config/graphics.cfg
File: graphics.cfg 2001/08/31 v1.1 graphics configuration of teTeX/TeXLive
)
Package graphics Info: Driver file: pdftex.def on input line 80.

(/n/site/inst/Linux-i686/sys/share/texmf/tex/latex/graphics/pdftex.def
File: pdftex.def 2002/06/19 v0.03k graphics/color for pdftex
\Gread@gobject=\count87
))
\Gin@req@height=\dimen103
\Gin@req@width=\dimen104
)
(/n/site/inst/Linux-i686/sys/share/texmf/tex/latex/fancyvrb/fancyvrb.sty
Package: fancyvrb 2000/03/21

Style option: `fancyvrb' v2.7, with DG/SPQR fixes <2000/03/21> (tvz)
\FV@CodeLineNo=\count88
\FV@InFile=\read1
\FV@TabBox=\box26
\c@FancyVerbLine=\count89
\FV@StepNumber=\count90
\FV@OutFile=\write3
)
(/usr/lib/R/share/texmf/upquote.sty
Package: upquote 2003/08/11 v1.1 Covington's upright-quote modification to verb
atim and verb

(/n/site/inst/Linux-i686/sys/share/texmf/tex/latex/base/textcomp.sty
Package: textcomp 2001/06/05 v1.94 Standard LaTeX package

(/n/site/inst/Linux-i686/sys/share/texmf/tex/latex/base/ts1enc.def
File: ts1enc.def 2001/06/05 v3.0e (jk/car/fm) Standard LaTeX file
)))
(/n/site/inst/Linux-i686/sys/share/texmf/tex/latex/base/fontenc.sty
Package: fontenc 2001/06/05 v1.94 Standard LaTeX package

(/n/site/inst/Linux-i686/sys/share/texmf/tex/latex/base/t1enc.def
File: t1enc.def 2001/06/05 v1.94 Standard LaTeX file
LaTeX Font Info:    Redeclaring font encoding T1 on input line 38.
))
(/n/site/inst/Linux-i686/sys/share/texmf/tex/latex/ae/ae.sty
Package: ae 2001/02/12 1.3 Almost European Computer Modern

(/n/site/inst/Linux-i686/sys/share/texmf/tex/latex/base/fontenc.sty
Package: fontenc 2001/06/05 v1.94 Standard LaTeX package

(/n/site/inst/Linux-i686/sys/share/texmf/tex/latex/base/t1enc.def
File: t1enc.def 2001/06/05 v1.94 Standard LaTeX file
LaTeX Font Info:    Redeclaring font encoding T1 on input line 38.
)
LaTeX Font Info:    Try loading font information for T1+aer on input line 95.

(/n/site/inst/Linux-i686/sys/share/texmf/tex/latex/ae/t1aer.fd
File: t1aer.fd 1997/11/16 Font definitions for T1/aer.
))))
(./GeneNT.aux)
\openout1 = `GeneNT.aux'.

LaTeX Font Info:    Checking defaults for OML/cmm/m/it on input line 6.
LaTeX Font Info:    ... okay on input line 6.
LaTeX Font Info:    Checking defaults for T1/cmr/m/n on input line 6.
LaTeX Font Info:    ... okay on input line 6.
LaTeX Font Info:    Checking defaults for OT1/cmr/m/n on input line 6.
LaTeX Font Info:    ... okay on input line 6.
LaTeX Font Info:    Checking defaults for OMS/cmsy/m/n on input line 6.
LaTeX Font Info:    ... okay on input line 6.
LaTeX Font Info:    Checking defaults for OMX/cmex/m/n on input line 6.
LaTeX Font Info:    ... okay on input line 6.
LaTeX Font Info:    Checking defaults for U/cmr/m/n on input line 6.
LaTeX Font Info:    ... okay on input line 6.
LaTeX Font Info:    Checking defaults for TS1/cmr/m/n on input line 6.
LaTeX Font Info:    Try loading font information for TS1+cmr on input line 6.

(/n/site/inst/Linux-i686/sys/share/texmf/tex/latex/base/ts1cmr.fd
File: ts1cmr.fd 1999/05/25 v2.5h Standard LaTeX font definitions
)
LaTeX Font Info:    ... okay on input line 6.

(/n/site/inst/Linux-i686/sys/share/texmf/tex/context/base/supp-pdf.tex
(/n/site/inst/Linux-i686/sys/share/texmf/tex/context/base/supp-mis.tex
loading : Context Support Macros / Missing
\protectiondepth=\count91
\scratchcounter=\count92
\scratchtoks=\toks15
\scratchdimen=\dimen105
\scratchskip=\skip43
\scratchmuskip=\muskip10
\scratchbox=\box27
\scratchread=\read2
\scratchwrite=\write4
\zeropoint=\dimen106
\minusone=\count93
\thousandpoint=\dimen107
\emptytoks=\toks16
\nextbox=\box28
\nextdepth=\dimen108
\everyline=\toks17
\!!counta=\count94
\!!countb=\count95
\recursecounter=\count96
)
loading : Context Support Macros / PDF
\nofMPsegments=\count97
\nofMParguments=\count98
\everyMPtoPDFconversion=\toks18
)
LaTeX Font Info:    External font `cmex10' loaded for size
(Font)              <12> on input line 7.
LaTeX Font Info:    External font `cmex10' loaded for size
(Font)              <8> on input line 7.
LaTeX Font Info:    External font `cmex10' loaded for size
(Font)              <6> on input line 7.
LaTeX Font Info:    External font `cmex10' loaded for size
(Font)              <7> on input line 14.
LaTeX Font Info:    External font `cmex10' loaded for size
(Font)              <5> on input line 14.
 [1

{/n/site/inst/Linux-i686/sys/share/texmf/dvips/config/pdftex.map}]
LaTeX Font Info:    Try loading font information for T1+aett on input line 62.

(/n/site/inst/Linux-i686/sys/share/texmf/tex/latex/ae/t1aett.fd
File: t1aett.fd 1997/11/16 Font definitions for T1/aett.
) [2] [3]
(./GeneNT.aux) ) 
Here is how much of TeX's memory you used:
 2027 strings out of 95437
 27877 string characters out of 1188807
 70910 words of memory out of 1000001
 5014 multiletter control sequences out of 10000+50000
 26057 words of font info for 57 fonts, out of 500000 for 1000
 14 hyphenation exceptions out of 1000
 35i,6n,21p,313b,268s stack positions out of 1500i,500n,5000p,200000b,5000s
 43 PDF objects out of 300000
 0 named destinations out of 131072
 0 words of extra memory for PDF output out of 65536
{/n/site/inst/Linux-i686/sys/share/texmf/dvips/tetex/f7b6d320.e
nc}</n/site/inst/Linux-i686/sys/share/texmf/fonts/type1/bluesky/cm/cmbx10.pfb><
/n/site/inst/Linux-i686/sys/share/texmf/fonts/type1/bluesky/cm/cmbx12.pfb></n/s
ite/inst/Linux-i686/sys/share/texmf/fonts/type1/bluesky/cm/cmr7.pfb>{/n/site/in
st/Linux-i686/sys/share/texmf/dvips/tetex/09fbbfac.enc}</n/site/inst/Linux-i686
/sys/share/texmf/fonts/type1/bluesky/cm/cmtt10.pfb></n/site/inst/Linux-i686/sys
/share/texmf/fonts/type1/bluesky/cm/cmsltt10.pfb>{/n/site/inst/Linux-i686/sys/s
hare/texmf/dvips/tetex/74afc74c.enc}</n/site/inst/Linux-i686/sys/share/texmf/fo
nts/type1/bluesky/cm/cmti10.pfb>{/n/site/inst/Linux-i686/sys/share/texmf/dvips/
tetex/bbad153f.enc}</n/site/inst/Linux-i686/sys/share/texmf/fonts/type1/bluesky
/cm/cmsy10.pfb>{/n/site/inst/Linux-i686/sys/share/texmf/dvips/tetex/aae443f0.en
c}</n/site/inst/Linux-i686/sys/share/texmf/fonts/type1/bluesky/cm/cmmi10.pfb></
n/site/inst/Linux-i686/sys/share/texmf/fonts/type1/bluesky/cm/cmr10.pfb></n/sit
e/inst/Linux-i686/sys/share/texmf/fonts/type1/bluesky/cm/cmr12.pfb></n/site/ins
t/Linux-i686/sys/share/texmf/fonts/type1/bluesky/cm/cmr17.pfb>
Output written on GeneNT.pdf (3 pages, 76254 bytes).
